2023-03-20 21:32:54.250737 +0000 > starting log
2023-03-20 21:32:54.250910 +0000 build-fedora42: > starting build with log
2023-03-20 21:32:54.250919 +0000 build-fedora42: >> args:
2023-03-20 21:32:54.250925 +0000 build-fedora42: >>   ()
2023-03-20 21:32:54.250930 +0000 build-fedora42: >> component:
2023-03-20 21:32:54.250936 +0000 build-fedora42: >>   qubes-release
2023-03-20 21:32:54.250942 +0000 build-fedora42: >>     commit-hash: 0d7a8941eb0626dfad95dbb9031cd918def6d7eb
2023-03-20 21:32:54.250952 +0000 build-fedora42: >>     source-hash: b3872464859dfe9bd8d78d6ab6b71678aa7c6b3309e2c51919d2cf57b356fb273590d8641c7e54464bb6a53f736ff047566770798810e7af8fdffb850736ba29
2023-03-20 21:32:54.250962 +0000 build-fedora42: >> distributions:
2023-03-20 21:32:54.250969 +0000 build-fedora42: >>   [<QubesDistribution host-fedora-37.x86_64>]
2023-03-20 21:32:54.251007 +0000 build-fedora42: Executing 'bash -c mkdir -p /home/user/builder-r4.2-dom0/rpmdb/9C884DF3F81064A569A4A9FAE022E58F8E34D89F&&qubes-gpg-client-wrapper --armor --export 9C884DF3F81064A569A4A9FAE022E58F8E34D89F > /tmp/tmpf4ygpys2/9C884DF3F81064A569A4A9FAE022E58F8E34D89F.asc&&rpmkeys --dbpath=/home/user/builder-r4.2-dom0/rpmdb/9C884DF3F81064A569A4A9FAE022E58F8E34D89F --import /tmp/tmpf4ygpys2/9C884DF3F81064A569A4A9FAE022E58F8E34D89F.asc'.
2023-03-20 21:32:54.507310 +0000 build-fedora42: qubes-release:host-fedora-37.x86_64: Cleaning local repository '/home/user/builder-r4.2-dom0/repository/host-fc37'.
2023-03-20 21:32:54.508898 +0000 build-fedora42: qubes-release:host-fedora-37.x86_64:qubes-release.spec: Signing 'qubes-release-4.2-0.4.fc37.noarch.rpm'.
2023-03-20 21:32:54.517751 +0000 build-fedora42: Executing 'bash -c /home/user/qubes-builderv2/qubesbuilder/plugins/sign_rpm/scripts/sign-rpm --sign-key 9C884DF3F81064A569A4A9FAE022E58F8E34D89F --db-path /home/user/builder-r4.2-dom0/rpmdb/9C884DF3F81064A569A4A9FAE022E58F8E34D89F --rpm /home/user/builder-r4.2-dom0/components/qubes-release/4.2-0.4/host-fc37/build/rpm/qubes-release-4.2-0.4.fc37.noarch.rpm'.
2023-03-20 21:32:54.550253 +0000 build-fedora42: output: warning: Could not set GPG_TTY to stdin: Inappropriate ioctl for device
2023-03-20 21:32:54.889705 +0000 build-fedora42: output: warning: Could not set GPG_TTY to stdin: Inappropriate ioctl for device
2023-03-20 21:32:55.210722 +0000 build-fedora42: output: /home/user/builder-r4.2-dom0/components/qubes-release/4.2-0.4/host-fc37/build/rpm/qubes-release-4.2-0.4.fc37.noarch.rpm:
2023-03-20 21:32:55.220021 +0000 build-fedora42: qubes-release:host-fedora-37.x86_64:qubes-release.spec: Signing 'qubes-release-notes-4.2-0.4.fc37.noarch.rpm'.
2023-03-20 21:32:55.228415 +0000 build-fedora42: Executing 'bash -c /home/user/qubes-builderv2/qubesbuilder/plugins/sign_rpm/scripts/sign-rpm --sign-key 9C884DF3F81064A569A4A9FAE022E58F8E34D89F --db-path /home/user/builder-r4.2-dom0/rpmdb/9C884DF3F81064A569A4A9FAE022E58F8E34D89F --rpm /home/user/builder-r4.2-dom0/components/qubes-release/4.2-0.4/host-fc37/build/rpm/qubes-release-notes-4.2-0.4.fc37.noarch.rpm'.
2023-03-20 21:32:55.242799 +0000 build-fedora42: output: warning: Could not set GPG_TTY to stdin: Inappropriate ioctl for device
2023-03-20 21:32:55.556814 +0000 build-fedora42: output: warning: Could not set GPG_TTY to stdin: Inappropriate ioctl for device
2023-03-20 21:32:55.886308 +0000 build-fedora42: output: /home/user/builder-r4.2-dom0/components/qubes-release/4.2-0.4/host-fc37/build/rpm/qubes-release-notes-4.2-0.4.fc37.noarch.rpm:
2023-03-20 21:32:55.901928 +0000 build-fedora42: qubes-release:host-fedora-37.x86_64:qubes-release.spec: Signing 'qubes-release-4.2-0.4.fc37.src.rpm'.
2023-03-20 21:32:55.923910 +0000 build-fedora42: Executing 'bash -c /home/user/qubes-builderv2/qubesbuilder/plugins/sign_rpm/scripts/sign-rpm --sign-key 9C884DF3F81064A569A4A9FAE022E58F8E34D89F --db-path /home/user/builder-r4.2-dom0/rpmdb/9C884DF3F81064A569A4A9FAE022E58F8E34D89F --rpm /home/user/builder-r4.2-dom0/components/qubes-release/4.2-0.4/host-fc37/prep/qubes-release-4.2-0.4.fc37.src.rpm'.
2023-03-20 21:32:55.945708 +0000 build-fedora42: output: warning: Could not set GPG_TTY to stdin: Inappropriate ioctl for device
2023-03-20 21:32:56.303972 +0000 build-fedora42: output: warning: Could not set GPG_TTY to stdin: Inappropriate ioctl for device
2023-03-20 21:32:56.617610 +0000 build-fedora42: output: /home/user/builder-r4.2-dom0/components/qubes-release/4.2-0.4/host-fc37/prep/qubes-release-4.2-0.4.fc37.src.rpm:
2023-03-20 21:32:56.637649 +0000 build-fedora42: qubes-release:host-fedora-37.x86_64:qubes-release.spec: Signing 'qubes-release-4.2-0.4.fc37.x86_64.buildinfo'.
2023-03-20 21:32:56.652191 +0000 build-fedora42: Executing 'bash -c /home/user/qubes-builderv2/qubesbuilder/plugins/sign_rpm/scripts/update-rpmbuildinfo /home/user/builder-r4.2-dom0/components/qubes-release/4.2-0.4/host-fc37/build/rpm/qubes-release-4.2-0.4.fc37.x86_64.buildinfo qubes-gpg-client-wrapper 9C884DF3F81064A569A4A9FAE022E58F8E34D89F'.
2023-03-20 21:32:57.049833 +0000 build-fedora42: qubes-release:host-fedora-37.x86_64:qubes-release.spec: Provisioning local repository '/home/user/builder-r4.2-dom0/repository/host-fc37'.
2023-03-20 21:32:57.067589 +0000 build-fedora42: Executing 'bash -c /home/user/qubes-builderv2/qubesbuilder/plugins/publish_rpm/scripts/create-skeleton r4.2 host fc37 /home/user/builder-r4.2-dom0/repository-publish/rpm /home/user/qubes-builderv2/qubesbuilder/plugins/publish_rpm/comps/comps-host.xml'.
2023-03-20 21:32:57.128949 +0000 build-fedora42: qubes-release:host-fedora-37.x86_64:qubes-release.spec: Publishing RPMs to 'current-testing'.
2023-03-20 21:32:57.129553 +0000 build-fedora42: qubes-release:host-fedora-37.x86_64:qubes-release.spec: Verifying signatures.
2023-03-20 21:32:57.149217 +0000 build-fedora42: Executing 'bash -c /home/user/qubes-builderv2/qubesbuilder/plugins/sign_rpm/scripts/sign-rpm --sign-key 9C884DF3F81064A569A4A9FAE022E58F8E34D89F --db-path /home/user/builder-r4.2-dom0/rpmdb/9C884DF3F81064A569A4A9FAE022E58F8E34D89F --rpm /home/user/builder-r4.2-dom0/components/qubes-release/4.2-0.4/host-fc37/build/rpm/qubes-release-4.2-0.4.fc37.noarch.rpm --check-only'.
2023-03-20 21:32:57.209782 +0000 build-fedora42: Executing 'bash -c /home/user/qubes-builderv2/qubesbuilder/plugins/sign_rpm/scripts/sign-rpm --sign-key 9C884DF3F81064A569A4A9FAE022E58F8E34D89F --db-path /home/user/builder-r4.2-dom0/rpmdb/9C884DF3F81064A569A4A9FAE022E58F8E34D89F --rpm /home/user/builder-r4.2-dom0/components/qubes-release/4.2-0.4/host-fc37/build/rpm/qubes-release-notes-4.2-0.4.fc37.noarch.rpm --check-only'.
2023-03-20 21:32:57.242911 +0000 build-fedora42: Executing 'bash -c /home/user/qubes-builderv2/qubesbuilder/plugins/sign_rpm/scripts/sign-rpm --sign-key 9C884DF3F81064A569A4A9FAE022E58F8E34D89F --db-path /home/user/builder-r4.2-dom0/rpmdb/9C884DF3F81064A569A4A9FAE022E58F8E34D89F --rpm /home/user/builder-r4.2-dom0/components/qubes-release/4.2-0.4/host-fc37/prep/qubes-release-4.2-0.4.fc37.src.rpm --check-only'.
2023-03-20 21:32:57.263924 +0000 build-fedora42: qubes-release:host-fedora-37.x86_64:qubes-release.spec: Updating metadata.
2023-03-20 21:32:57.279885 +0000 build-fedora42: Executing 'bash -c cd /home/user/builder-r4.2-dom0/repository-publish/rpm/r4.2/current-testing/host/fc37&&createrepo_c -g comps.xml .'.
2023-03-20 21:33:33.463637 +0000 build-fedora42: output: Directory walk started
2023-03-20 21:33:33.463713 +0000 build-fedora42: output: Directory walk done - 814 packages
2023-03-20 21:33:33.463733 +0000 build-fedora42: output: Using comps.xml from target repo
2023-03-20 21:33:33.463750 +0000 build-fedora42: output: Temporary output repo path: ./.repodata/
2023-03-20 21:33:33.463764 +0000 build-fedora42: output: Preparing sqlite DBs
2023-03-20 21:33:33.463780 +0000 build-fedora42: output: Pool started (with 5 workers)
2023-03-20 21:33:33.463793 +0000 build-fedora42: output: Pool finished
2023-03-20 21:33:33.502814 +0000 build-fedora42: qubes-release:host-fedora-37.x86_64:qubes-release.spec: Signing metadata.
2023-03-20 21:33:33.516510 +0000 build-fedora42: Executing 'bash -c qubes-gpg-client-wrapper --batch --no-tty --yes --detach-sign --armor -u 9C884DF3F81064A569A4A9FAE022E58F8E34D89F /home/user/builder-r4.2-dom0/repository-publish/rpm/r4.2/current-testing/host/fc37/repodata/repomd.xml > /home/user/builder-r4.2-dom0/repository-publish/rpm/r4.2/current-testing/host/fc37/repodata/repomd.xml.asc'.
2023-03-20 21:33:33.955860 +0000 build-fedora42: Creating metalink for /home/user/builder-r4.2-dom0/repository-publish/rpm/r4.2/current-testing/host/fc37/repodata/repomd.xml.
2023-03-20 21:33:33.966701 +0000 build-fedora42: Executing 'bash -c mkmetalink -b /home/user/builder-r4.2-dom0/repository-publish/rpm -- /home/user/qubes-builderv2/qubesbuilder/plugins/publish_rpm/mirrors.list /home/user/builder-r4.2-dom0/repository-publish/rpm/r4.2/current-testing/host/fc37/repodata/repomd.xml > /home/user/builder-r4.2-dom0/repository-publish/rpm/r4.2/current-testing/host/fc37/repodata/repomd.xml.metalink'.
2023-03-20 21:33:34.115831 +0000 build-fedora42: output: Traceback (most recent call last):
2023-03-20 21:33:34.115921 +0000 build-fedora42: output:   File "/usr/lib64/python3.11/importlib/metadata/__init__.py", line 563, in from_name
2023-03-20 21:33:34.117440 +0000 build-fedora42: output:     return next(cls.discover(name=name))
2023-03-20 21:33:34.117488 +0000 build-fedora42: output:            ^^^^^^^^^^^^^^^^^^^^^^^^^^^^^
2023-03-20 21:33:34.117686 +0000 build-fedora42: output: StopIteration
2023-03-20 21:33:34.117816 +0000 build-fedora42: output: 
2023-03-20 21:33:34.117949 +0000 build-fedora42: output: During handling of the above exception, another exception occurred:
2023-03-20 21:33:34.118064 +0000 build-fedora42: output: 
2023-03-20 21:33:34.118190 +0000 build-fedora42: output: Traceback (most recent call last):
2023-03-20 21:33:34.118313 +0000 build-fedora42: output:   File "/home/user/.local/bin/mkmetalink", line 33, in <module>
2023-03-20 21:33:34.118587 +0000 build-fedora42: output:     sys.exit(load_entry_point('qubesmirror==2.0', 'console_scripts', 'mkmetalink')())
2023-03-20 21:33:34.118858 +0000 build-fedora42: output:              ^^^^^^^^^^^^^^^^^^^^^^^^^^^^^^^^^^^^^^^^^^^^^^^^^^^^^^^^^^^^^^^^^^^^^
2023-03-20 21:33:34.118994 +0000 build-fedora42: output:   File "/home/user/.local/bin/mkmetalink", line 22, in importlib_load_entry_point
2023-03-20 21:33:34.119256 +0000 build-fedora42: output:     for entry_point in distribution(dist_name).entry_points
2023-03-20 21:33:34.119467 +0000 build-fedora42: output:                        ^^^^^^^^^^^^^^^^^^^^^^^
2023-03-20 21:33:34.119582 +0000 build-fedora42: output:   File "/usr/lib64/python3.11/importlib/metadata/__init__.py", line 981, in distribution
2023-03-20 21:33:34.120487 +0000 build-fedora42: output:     return Distribution.from_name(distribution_name)
2023-03-20 21:33:34.120620 +0000 build-fedora42: output:            ^^^^^^^^^^^^^^^^^^^^^^^^^^^^^^^^^^^^^^^^^
2023-03-20 21:33:34.120848 +0000 build-fedora42: output:   File "/usr/lib64/python3.11/importlib/metadata/__init__.py", line 565, in from_name
2023-03-20 21:33:34.121297 +0000 build-fedora42: output:     raise PackageNotFoundError(name)
2023-03-20 21:33:34.121457 +0000 build-fedora42: output: importlib.metadata.PackageNotFoundError: No package metadata was found for qubesmirror
2023-03-20 21:33:34.144510 +0000 build-fedora42: qubes-release:host-fedora-37.x86_64: Failed to create metalink for '/home/user/builder-r4.2-dom0/repository-publish/rpm/r4.2/current-testing/host/fc37/repodata/repomd.xml'.
2023-03-20 21:33:34.162734 +0000 build-fedora42: Executing 'bash -c rsync --partial --progress --hard-links -air --mkpath -- /home/user/builder-r4.2-dom0/repository-publish/rpm/r4.2/current-testing/host/fc37/ yum.qubes-os.org:/pub/qubes/repo/yum/r4.2/current-testing/host/fc37/'.
2023-03-20 21:33:36.929749 +0000 build-fedora42: output: sending incremental file list
2023-03-20 21:33:37.429242 +0000 build-fedora42: output: .d..t...... ./
2023-03-20 21:33:37.429321 +0000 build-fedora42: output: .L..t...... comps.xml -> ../../../comps-host.xml
2023-03-20 21:33:37.429372 +0000 build-fedora42: output: .d..t...... repodata/
2023-03-20 21:33:37.429465 +0000 build-fedora42: output: <f+++++++++ repodata/07306723992d8105573bfca2ea16b1b0318e97610d0c0e79cab93bc31e157f83-filelists.sqlite.bz2
2023-03-20 21:33:37.436492 +0000 build-fedora42: output: .         32,768   2%    0.00kB/s    0:00:00  .      1,348,902 100%  209.19MB/s    0:00:00 (xfr#1, to-chk=981/986)
2023-03-20 21:33:37.436579 +0000 build-fedora42: output: <f+++++++++ repodata/18d156deaebe2f0c5090936da44c1fa18e9447eb50855a4a2e3d8ab4b33356b5-primary.sqlite.bz2
2023-03-20 21:33:37.441533 +0000 build-fedora42: output: .         32,768   4%    4.46MB/s    0:00:00  .        782,807 100%   67.87MB/s    0:00:00 (xfr#2, to-chk=980/986)
2023-03-20 21:33:37.441609 +0000 build-fedora42: output: <f+++++++++ repodata/2c079ff388935ac69348435f663b869c9a01b303fb96e0b46e82adb36c861468-other.sqlite.bz2
2023-03-20 21:33:37.820277 +0000 build-fedora42: output: .         32,768  18%    2.60MB/s    0:00:00  .        173,679 100%  440.54kB/s    0:00:00 (xfr#3, to-chk=979/986)
2023-03-20 21:33:37.820451 +0000 build-fedora42: output: <f..t...... repodata/2d0d845c9a4e9dfc803d94d10204bc2271886e744b5f920768235f59202e19b8-comps.xml.gz
2023-03-20 21:33:37.820484 +0000 build-fedora42: output: .            700   2%    1.77kB/s    0:00:15  .         27,387 100%   69.29kB/s    0:00:00 (xfr#4, to-chk=978/986)
2023-03-20 21:33:37.820506 +0000 build-fedora42: output: <f+++++++++ repodata/70c8187c42c05785552aa1c3a162b51a991034280784f748a817bd9abdf0960f-primary.xml.gz
2023-03-20 21:33:38.077731 +0000 build-fedora42: output: .         32,768  10%   81.84kB/s    0:00:03  .        298,329 100%  449.59kB/s    0:00:00 (xfr#5, to-chk=977/986)
2023-03-20 21:33:38.077811 +0000 build-fedora42: output: <f+++++++++ repodata/823013780cad64e50ee1490fa0c37530e535796ee2163ea5e85425d60d7a7d2a-other.xml.gz
2023-03-20 21:33:38.078234 +0000 build-fedora42: output: .         32,768  38%   49.31kB/s    0:00:01  .         84,516 100%  127.17kB/s    0:00:00 (xfr#6, to-chk=976/986)
2023-03-20 21:33:38.078274 +0000 build-fedora42: output: <f..t...... repodata/8aa6cb239a93e2e4b21aef834b12e590b0086c2c487efc7bf44175d46121515f-comps.xml
2023-03-20 21:33:38.079258 +0000 build-fedora42: output: .            700   0%    1.05kB/s    0:02:02  .        129,422 100%  194.44kB/s    0:00:00 (xfr#7, to-chk=975/986)
2023-03-20 21:33:38.079329 +0000 build-fedora42: output: <f+++++++++ repodata/c4a7a22c6b411457647471a830c9d46ee28dc494d5ed944dd7ecf9e3a74035a6-filelists.xml.gz
2023-03-20 21:33:38.900865 +0000 build-fedora42: output: .         32,768   2%   49.23kB/s    0:00:22  .        524,288  45%  491.83kB/s    0:00:01  .      1,161,419 100%  770.52kB/s    0:00:01 (xfr#8, to-chk=974/986)
2023-03-20 21:33:38.901121 +0000 build-fedora42: output: <f..t...... repodata/repomd.xml
2023-03-20 21:33:38.901148 +0000 build-fedora42: output: .          3,867 100%    8.78kB/s    0:00:00  .          3,867 100%    8.78kB/s    0:00:00 (xfr#9, to-chk=973/986)
2023-03-20 21:33:38.901179 +0000 build-fedora42: output: <f..t...... repodata/repomd.xml.asc
2023-03-20 21:33:38.901254 +0000 build-fedora42: output: .            833 100%    1.89kB/s    0:00:00  .            833 100%    1.89kB/s    0:00:00 (xfr#10, to-chk=972/986)
2023-03-20 21:33:38.901277 +0000 build-fedora42: output: <f..t...... repodata/repomd.xml.metalink
2023-03-20 21:33:38.901348 +0000 build-fedora42: output: .              0 100%    0.00kB/s    0:00:00 (xfr#11, to-chk=971/986)
2023-03-20 21:33:38.901426 +0000 build-fedora42: output: .d..t...... rpm/
2023-03-20 21:33:38.901500 +0000 build-fedora42: output: <f+++++++++ rpm/qubes-release-4.2-0.4.fc37.noarch.rpm
2023-03-20 21:33:38.901523 +0000 build-fedora42: output: .         32,768  87%   74.42kB/s    0:00:00  .         37,371 100%   84.87kB/s    0:00:00 (xfr#12, to-chk=215/986)
2023-03-20 21:33:38.901547 +0000 build-fedora42: output: <f+++++++++ rpm/qubes-release-4.2-0.4.fc37.src.rpm
2023-03-20 21:33:38.992344 +0000 build-fedora42: output: .         32,768  68%   61.42kB/s    0:00:00  .         47,651 100%   89.32kB/s    0:00:00 (xfr#13, to-chk=214/986)
2023-03-20 21:33:38.992464 +0000 build-fedora42: output: <f+++++++++ rpm/qubes-release-4.2-0.4.fc37.x86_64.buildinfo
2023-03-20 21:33:38.993314 +0000 build-fedora42: output: .          6,797 100%   12.72kB/s    0:00:00  .          6,797 100%   12.72kB/s    0:00:00 (xfr#14, to-chk=213/986)
2023-03-20 21:33:38.993375 +0000 build-fedora42: output: <f+++++++++ rpm/qubes-release-notes-4.2-0.4.fc37.noarch.rpm
2023-03-20 21:33:38.993403 +0000 build-fedora42: output: .         10,227 100%   19.10kB/s    0:00:00  .         10,227 100%   19.10kB/s    0:00:00 (xfr#15, to-chk=209/986)
2023-03-20 21:33:41.209045 +0000 build-fedora42: > done
2023-03-20 21:33:41.209090 +0000 > closing log
