2023-04-29 01:45:10.288413 +0000 > starting log
2023-04-29 01:45:10.288619 +0000 build-centos42: > starting build with log
2023-04-29 01:45:10.288628 +0000 build-centos42: >> args:
2023-04-29 01:45:10.288634 +0000 build-centos42: >>   ()
2023-04-29 01:45:10.288639 +0000 build-centos42: >> component:
2023-04-29 01:45:10.288668 +0000 build-centos42: >>   app-linux-usb-proxy
2023-04-29 01:45:10.288677 +0000 build-centos42: >>     commit-hash: 57ab3940d450b18e570da57886d65cb5707aa60f
2023-04-29 01:45:10.288686 +0000 build-centos42: >>     source-hash: c44e6c07fefe087dbdb474eee51cb1f84951d79d14325b5cef39b39c9fb85b0ed91c7a21028ce24fd7ea8ee7504dd5545b8c54480c74aed0f1be2cbe36db28b4
2023-04-29 01:45:10.288696 +0000 build-centos42: >> distributions:
2023-04-29 01:45:10.288703 +0000 build-centos42: >>   [<QubesDistribution vm-centos-stream-8.x86_64>]
2023-04-29 01:45:10.288721 +0000 build-centos42: Executing 'bash -c mkdir -p /home/user/builder-r4.2-centos/rpmdb/73BC8FF2264EDBB20CF1C2739AD8A2F644606AB9&&qubes-gpg-client-wrapper --armor --export 73BC8FF2264EDBB20CF1C2739AD8A2F644606AB9 > /tmp/tmp75ydk8zq/73BC8FF2264EDBB20CF1C2739AD8A2F644606AB9.asc&&rpmkeys --dbpath=/home/user/builder-r4.2-centos/rpmdb/73BC8FF2264EDBB20CF1C2739AD8A2F644606AB9 --import /tmp/tmp75ydk8zq/73BC8FF2264EDBB20CF1C2739AD8A2F644606AB9.asc'.
2023-04-29 01:45:10.310422 +0000 build-centos42: app-linux-usb-proxy:vm-centos-stream-8.x86_64: Cleaning local repository '/home/user/builder-r4.2-centos/repository/vm-centos-stream8'.
2023-04-29 01:45:10.310908 +0000 build-centos42: app-linux-usb-proxy:vm-centos-stream-8.x86_64:rpm_spec/qubes-usb-proxy.spec: Signing 'qubes-usb-proxy-1.1.5-1.el8.noarch.rpm'.
2023-04-29 01:45:10.320318 +0000 build-centos42: Executing 'bash -c /home/user/qubes-builderv2/qubesbuilder/plugins/sign_rpm/scripts/sign-rpm --sign-key 73BC8FF2264EDBB20CF1C2739AD8A2F644606AB9 --db-path /home/user/builder-r4.2-centos/rpmdb/73BC8FF2264EDBB20CF1C2739AD8A2F644606AB9 --rpm /home/user/builder-r4.2-centos/components/app-linux-usb-proxy/1.1.5-1/vm-centos-stream8/build/rpm/qubes-usb-proxy-1.1.5-1.el8.noarch.rpm'.
2023-04-29 01:45:10.350077 +0000 build-centos42: output: warning: Could not set GPG_TTY to stdin: Inappropriate ioctl for device
2023-04-29 01:45:10.512822 +0000 build-centos42: output: warning: Could not set GPG_TTY to stdin: Inappropriate ioctl for device
2023-04-29 01:45:10.651318 +0000 build-centos42: output: /home/user/builder-r4.2-centos/components/app-linux-usb-proxy/1.1.5-1/vm-centos-stream8/build/rpm/qubes-usb-proxy-1.1.5-1.el8.noarch.rpm:
2023-04-29 01:45:10.660801 +0000 build-centos42: app-linux-usb-proxy:vm-centos-stream-8.x86_64:rpm_spec/qubes-usb-proxy.spec: Signing 'qubes-usb-proxy-1.1.5-1.el8.src.rpm'.
2023-04-29 01:45:10.670174 +0000 build-centos42: Executing 'bash -c /home/user/qubes-builderv2/qubesbuilder/plugins/sign_rpm/scripts/sign-rpm --sign-key 73BC8FF2264EDBB20CF1C2739AD8A2F644606AB9 --db-path /home/user/builder-r4.2-centos/rpmdb/73BC8FF2264EDBB20CF1C2739AD8A2F644606AB9 --rpm /home/user/builder-r4.2-centos/components/app-linux-usb-proxy/1.1.5-1/vm-centos-stream8/prep/qubes-usb-proxy-1.1.5-1.el8.src.rpm'.
2023-04-29 01:45:10.684588 +0000 build-centos42: output: warning: Could not set GPG_TTY to stdin: Inappropriate ioctl for device
2023-04-29 01:45:10.845355 +0000 build-centos42: output: warning: Could not set GPG_TTY to stdin: Inappropriate ioctl for device
2023-04-29 01:45:10.946617 +0000 build-centos42: output: /home/user/builder-r4.2-centos/components/app-linux-usb-proxy/1.1.5-1/vm-centos-stream8/prep/qubes-usb-proxy-1.1.5-1.el8.src.rpm:
2023-04-29 01:45:10.957940 +0000 build-centos42: app-linux-usb-proxy:vm-centos-stream-8.x86_64:rpm_spec/qubes-usb-proxy.spec: Signing 'qubes-usb-proxy-1.1.5-1.el8.x86_64.buildinfo'.
2023-04-29 01:45:10.967101 +0000 build-centos42: Executing 'bash -c /home/user/qubes-builderv2/qubesbuilder/plugins/sign_rpm/scripts/update-rpmbuildinfo /home/user/builder-r4.2-centos/components/app-linux-usb-proxy/1.1.5-1/vm-centos-stream8/build/rpm/qubes-usb-proxy-1.1.5-1.el8.x86_64.buildinfo qubes-gpg-client-wrapper 73BC8FF2264EDBB20CF1C2739AD8A2F644606AB9'.
2023-04-29 01:45:11.151946 +0000 build-centos42: app-linux-usb-proxy:vm-centos-stream-8.x86_64:rpm_spec/qubes-usb-proxy.spec: Provisioning local repository '/home/user/builder-r4.2-centos/repository/vm-centos-stream8'.
2023-04-29 01:45:11.165637 +0000 build-centos42: Executing 'bash -c /home/user/qubes-builderv2/qubesbuilder/plugins/publish_rpm/scripts/create-skeleton r4.2 vm centos-stream8 /home/user/builder-r4.2-centos/repository-publish/rpm /home/user/qubes-builderv2/qubesbuilder/plugins/publish_rpm/comps/comps-vm.xml'.
2023-04-29 01:45:11.245139 +0000 build-centos42: app-linux-usb-proxy:vm-centos-stream-8.x86_64:rpm_spec/qubes-usb-proxy.spec: Publishing RPMs to 'current-testing'.
2023-04-29 01:45:11.245186 +0000 build-centos42: app-linux-usb-proxy:vm-centos-stream-8.x86_64:rpm_spec/qubes-usb-proxy.spec: Verifying signatures.
2023-04-29 01:45:11.256173 +0000 build-centos42: Executing 'bash -c /home/user/qubes-builderv2/qubesbuilder/plugins/sign_rpm/scripts/sign-rpm --sign-key 73BC8FF2264EDBB20CF1C2739AD8A2F644606AB9 --db-path /home/user/builder-r4.2-centos/rpmdb/73BC8FF2264EDBB20CF1C2739AD8A2F644606AB9 --rpm /home/user/builder-r4.2-centos/components/app-linux-usb-proxy/1.1.5-1/vm-centos-stream8/build/rpm/qubes-usb-proxy-1.1.5-1.el8.noarch.rpm --check-only'.
2023-04-29 01:45:11.287723 +0000 build-centos42: Executing 'bash -c /home/user/qubes-builderv2/qubesbuilder/plugins/sign_rpm/scripts/sign-rpm --sign-key 73BC8FF2264EDBB20CF1C2739AD8A2F644606AB9 --db-path /home/user/builder-r4.2-centos/rpmdb/73BC8FF2264EDBB20CF1C2739AD8A2F644606AB9 --rpm /home/user/builder-r4.2-centos/components/app-linux-usb-proxy/1.1.5-1/vm-centos-stream8/prep/qubes-usb-proxy-1.1.5-1.el8.src.rpm --check-only'.
2023-04-29 01:45:11.309711 +0000 build-centos42: app-linux-usb-proxy:vm-centos-stream-8.x86_64:rpm_spec/qubes-usb-proxy.spec: Updating metadata.
2023-04-29 01:45:11.322094 +0000 build-centos42: Executing 'bash -c cd /home/user/builder-r4.2-centos/repository-publish/rpm/r4.2/current-testing/vm/centos-stream8&&createrepo_c -g comps.xml .'.
2023-04-29 01:45:21.874385 +0000 build-centos42: output: Directory walk started
2023-04-29 01:45:21.874461 +0000 build-centos42: output: Directory walk done - 924 packages
2023-04-29 01:45:21.874481 +0000 build-centos42: output: Using comps.xml from target repo
2023-04-29 01:45:21.874769 +0000 build-centos42: output: Temporary output repo path: ./.repodata/
2023-04-29 01:45:21.874834 +0000 build-centos42: output: Preparing sqlite DBs
2023-04-29 01:45:21.874854 +0000 build-centos42: output: Pool started (with 5 workers)
2023-04-29 01:45:21.874868 +0000 build-centos42: output: Pool finished
2023-04-29 01:45:21.910641 +0000 build-centos42: app-linux-usb-proxy:vm-centos-stream-8.x86_64:rpm_spec/qubes-usb-proxy.spec: Signing metadata.
2023-04-29 01:45:21.923790 +0000 build-centos42: Executing 'bash -c qubes-gpg-client-wrapper --batch --no-tty --yes --detach-sign --armor -u 73BC8FF2264EDBB20CF1C2739AD8A2F644606AB9 /home/user/builder-r4.2-centos/repository-publish/rpm/r4.2/current-testing/vm/centos-stream8/repodata/repomd.xml > /home/user/builder-r4.2-centos/repository-publish/rpm/r4.2/current-testing/vm/centos-stream8/repodata/repomd.xml.asc'.
2023-04-29 01:45:22.120657 +0000 build-centos42: Creating metalink for /home/user/builder-r4.2-centos/repository-publish/rpm/r4.2/current-testing/vm/centos-stream8/repodata/repomd.xml.
2023-04-29 01:45:22.129873 +0000 build-centos42: Executing 'bash -c mkmetalink -b /home/user/builder-r4.2-centos/repository-publish/rpm -- /home/user/qubes-builderv2/qubesbuilder/plugins/publish_rpm/mirrors.list /home/user/builder-r4.2-centos/repository-publish/rpm/r4.2/current-testing/vm/centos-stream8/repodata/repomd.xml > /home/user/builder-r4.2-centos/repository-publish/rpm/r4.2/current-testing/vm/centos-stream8/repodata/repomd.xml.metalink'.
2023-04-29 01:45:22.236441 +0000 build-centos42: output: Traceback (most recent call last):
2023-04-29 01:45:22.236488 +0000 build-centos42: output:   File "/usr/lib64/python3.11/importlib/metadata/__init__.py", line 563, in from_name
2023-04-29 01:45:22.237757 +0000 build-centos42: output:     return next(cls.discover(name=name))
2023-04-29 01:45:22.238044 +0000 build-centos42: output:            ^^^^^^^^^^^^^^^^^^^^^^^^^^^^^
2023-04-29 01:45:22.238280 +0000 build-centos42: output: StopIteration
2023-04-29 01:45:22.238414 +0000 build-centos42: output: 
2023-04-29 01:45:22.238610 +0000 build-centos42: output: During handling of the above exception, another exception occurred:
2023-04-29 01:45:22.238852 +0000 build-centos42: output: 
2023-04-29 01:45:22.239044 +0000 build-centos42: output: Traceback (most recent call last):
2023-04-29 01:45:22.239232 +0000 build-centos42: output:   File "/home/user/.local/bin/mkmetalink", line 33, in <module>
2023-04-29 01:45:22.239643 +0000 build-centos42: output:     sys.exit(load_entry_point('qubesmirror==2.0', 'console_scripts', 'mkmetalink')())
2023-04-29 01:45:22.240018 +0000 build-centos42: output:              ^^^^^^^^^^^^^^^^^^^^^^^^^^^^^^^^^^^^^^^^^^^^^^^^^^^^^^^^^^^^^^^^^^^^^
2023-04-29 01:45:22.240123 +0000 build-centos42: output:   File "/home/user/.local/bin/mkmetalink", line 22, in importlib_load_entry_point
2023-04-29 01:45:22.240682 +0000 build-centos42: output:     for entry_point in distribution(dist_name).entry_points
2023-04-29 01:45:22.240800 +0000 build-centos42: output:                        ^^^^^^^^^^^^^^^^^^^^^^^
2023-04-29 01:45:22.240938 +0000 build-centos42: output:   File "/usr/lib64/python3.11/importlib/metadata/__init__.py", line 981, in distribution
2023-04-29 01:45:22.241358 +0000 build-centos42: output:     return Distribution.from_name(distribution_name)
2023-04-29 01:45:22.241543 +0000 build-centos42: output:            ^^^^^^^^^^^^^^^^^^^^^^^^^^^^^^^^^^^^^^^^^
2023-04-29 01:45:22.241733 +0000 build-centos42: output:   File "/usr/lib64/python3.11/importlib/metadata/__init__.py", line 565, in from_name
2023-04-29 01:45:22.242015 +0000 build-centos42: output:     raise PackageNotFoundError(name)
2023-04-29 01:45:22.242177 +0000 build-centos42: output: importlib.metadata.PackageNotFoundError: No package metadata was found for qubesmirror
2023-04-29 01:45:22.268043 +0000 build-centos42: app-linux-usb-proxy:vm-centos-stream-8.x86_64: Failed to create metalink for '/home/user/builder-r4.2-centos/repository-publish/rpm/r4.2/current-testing/vm/centos-stream8/repodata/repomd.xml'.
2023-04-29 01:45:22.278637 +0000 build-centos42: Executing 'bash -c rsync --partial --progress --hard-links -air --mkpath -- /home/user/builder-r4.2-centos/repository-publish/rpm/r4.2/current-testing/vm/centos-stream8/ yum.qubes-os.org:/pub/qubes/repo/yum/r4.2/current-testing/vm/centos-stream8/'.
2023-04-29 01:45:23.124794 +0000 build-centos42: output: sending incremental file list
2023-04-29 01:45:23.213520 +0000 build-centos42: output: .d..t...... ./
2023-04-29 01:45:23.213593 +0000 build-centos42: output: .L..t...... comps.xml -> ../../../comps-vm.xml
2023-04-29 01:45:23.213610 +0000 build-centos42: output: .d..t...... repodata/
2023-04-29 01:45:23.213632 +0000 build-centos42: output: <f..t...... repodata/0a4d9ec5911f793f87955cf8bbc866b0c930c8f9aa2384ec29cc1f360a31da93-comps.xml.gz
2023-04-29 01:45:23.213654 +0000 build-centos42: output: .            700   8%    0.00kB/s    0:00:00  .          8,416 100%    7.36MB/s    0:00:00 (xfr#1, to-chk=1109/1114)
2023-04-29 01:45:23.213675 +0000 build-centos42: output: <f+++++++++ repodata/12dcda618c8500bee689c2ac2b9638bf35fdf8f0d4f183f89f39ddae0c8261a7-filelists.xml.gz
2023-04-29 01:45:23.213724 +0000 build-centos42: output: .         32,768  13%   31.25MB/s    0:00:00  .        241,585 100%  230.39MB/s    0:00:00 (xfr#2, to-chk=1108/1114)
2023-04-29 01:45:23.213744 +0000 build-centos42: output: <f+++++++++ repodata/224b0eea5b108927136cc62f2a4e9d020a7dcd5e1f5d9e6d71afad0b1ceac491-primary.xml.gz
2023-04-29 01:45:23.213765 +0000 build-centos42: output: .         32,768  22%   31.25MB/s    0:00:00  .        147,743 100%  140.90MB/s    0:00:00 (xfr#3, to-chk=1107/1114)
2023-04-29 01:45:23.213784 +0000 build-centos42: output: <f..t...... repodata/397e43a81ad38941589caaed70c4fabc438fb360cee27a55821a1db270bacaa3-comps.xml
2023-04-29 01:45:23.213813 +0000 build-centos42: output: .            700   2%  683.59kB/s    0:00:00  .         25,819 100%   24.62MB/s    0:00:00 (xfr#4, to-chk=1106/1114)
2023-04-29 01:45:23.213833 +0000 build-centos42: output: <f+++++++++ repodata/559af03e22a1980c56a983466e9a867a288ae1e82a2aa95770649c04d3005b6c-filelists.sqlite.bz2
2023-04-29 01:45:23.215883 +0000 build-centos42: output: .         32,768   9%   31.25MB/s    0:00:00  .        351,169 100%  111.63MB/s    0:00:00 (xfr#5, to-chk=1105/1114)
2023-04-29 01:45:23.215920 +0000 build-centos42: output: <f+++++++++ repodata/7bc6a132d14262e0ff91bcfe6222296f531fdd499eaad22487ccffaefb3bf47e-other.sqlite.bz2
2023-04-29 01:45:23.216935 +0000 build-centos42: output: .         32,768  15%   10.42MB/s    0:00:00  .        207,557 100%   49.49MB/s    0:00:00 (xfr#6, to-chk=1104/1114)
2023-04-29 01:45:23.216982 +0000 build-centos42: output: <f+++++++++ repodata/9c5d05023e62ca791cd8101b6e31375d4f32f6b96f990243a26ae5cf98552b5c-other.xml.gz
2023-04-29 01:45:23.217004 +0000 build-centos42: output: .         32,768  34%    7.81MB/s    0:00:00  .         96,001 100%   22.89MB/s    0:00:00 (xfr#7, to-chk=1103/1114)
2023-04-29 01:45:23.217024 +0000 build-centos42: output: <f+++++++++ repodata/e8f581cd8c1e03120f8c2a8183c82beb7b5c9b217a7cc7c75f538a947228f3d0-primary.sqlite.bz2
2023-04-29 01:45:23.220219 +0000 build-centos42: output: .         32,768   8%    7.81MB/s    0:00:00  .        378,493 100%   51.57MB/s    0:00:00 (xfr#8, to-chk=1102/1114)
2023-04-29 01:45:23.220244 +0000 build-centos42: output: <f..t...... repodata/repomd.xml
2023-04-29 01:45:23.220254 +0000 build-centos42: output: .          3,861 100%  538.64kB/s    0:00:00  .          3,861 100%  538.64kB/s    0:00:00 (xfr#9, to-chk=1101/1114)
2023-04-29 01:45:23.220259 +0000 build-centos42: output: <f..t...... repodata/repomd.xml.asc
2023-04-29 01:45:23.220267 +0000 build-centos42: output: .            833 100%  116.21kB/s    0:00:00  .            833 100%  116.21kB/s    0:00:00 (xfr#10, to-chk=1100/1114)
2023-04-29 01:45:23.220274 +0000 build-centos42: output: <f..t...... repodata/repomd.xml.metalink
2023-04-29 01:45:23.220280 +0000 build-centos42: output: .              0 100%    0.00kB/s    0:00:00 (xfr#11, to-chk=1099/1114)
2023-04-29 01:45:23.220286 +0000 build-centos42: output: .d..t...... rpm/
2023-04-29 01:45:23.220308 +0000 build-centos42: output: <f+++++++++ rpm/qubes-usb-proxy-1.1.5-1.el8.noarch.rpm
2023-04-29 01:45:23.220316 +0000 build-centos42: output: .         16,800 100%    2.29MB/s    0:00:00  .         16,800 100%    2.29MB/s    0:00:00 (xfr#12, to-chk=254/1114)
2023-04-29 01:45:23.220414 +0000 build-centos42: output: <f+++++++++ rpm/qubes-usb-proxy-1.1.5-1.el8.src.rpm
2023-04-29 01:45:23.220429 +0000 build-centos42: output: .         32,768  99%    3.91MB/s    0:00:00  .         32,904 100%    3.92MB/s    0:00:00 (xfr#13, to-chk=253/1114)
2023-04-29 01:45:23.220436 +0000 build-centos42: output: <f+++++++++ rpm/qubes-usb-proxy-1.1.5-1.el8.x86_64.buildinfo
2023-04-29 01:45:23.220513 +0000 build-centos42: output: .          1,650 100%  201.42kB/s    0:00:00  .          1,650 100%  201.42kB/s    0:00:00 (xfr#14, to-chk=252/1114)
2023-04-29 01:45:23.828333 +0000 build-centos42: > done
2023-04-29 01:45:23.828382 +0000 > closing log
