2023-04-26 04:00:10.009071 +0000 > starting log
2023-04-26 04:00:10.009294 +0000 build-centos42: > starting build with log
2023-04-26 04:00:10.009304 +0000 build-centos42: >> args:
2023-04-26 04:00:10.009309 +0000 build-centos42: >>   ()
2023-04-26 04:00:10.009315 +0000 build-centos42: >> component:
2023-04-26 04:00:10.009320 +0000 build-centos42: >>   app-linux-input-proxy
2023-04-26 04:00:10.009327 +0000 build-centos42: >>     commit-hash: e952c35a7c46a18931880b0b08da7382e472406d
2023-04-26 04:00:10.009336 +0000 build-centos42: >>     source-hash: 0d52517f7b19bf91a3dda9abab85b0cde847b60d6edd9292ac3b98d61f6f9d639bf9ea48ed6025d4d526ac9ef69090bd42de348d36c18fe48c3248ddbb42d026
2023-04-26 04:00:10.009346 +0000 build-centos42: >> distributions:
2023-04-26 04:00:10.009353 +0000 build-centos42: >>   [<QubesDistribution vm-centos-stream-8.x86_64>]
2023-04-26 04:00:10.009372 +0000 build-centos42: Executing 'bash -c mkdir -p /home/user/builder-r4.2-centos/rpmdb/73BC8FF2264EDBB20CF1C2739AD8A2F644606AB9&&qubes-gpg-client-wrapper --armor --export 73BC8FF2264EDBB20CF1C2739AD8A2F644606AB9 > /tmp/tmpmg_9wp7v/73BC8FF2264EDBB20CF1C2739AD8A2F644606AB9.asc&&rpmkeys --dbpath=/home/user/builder-r4.2-centos/rpmdb/73BC8FF2264EDBB20CF1C2739AD8A2F644606AB9 --import /tmp/tmpmg_9wp7v/73BC8FF2264EDBB20CF1C2739AD8A2F644606AB9.asc'.
2023-04-26 04:00:10.009381 +0000 build-centos42: app-linux-input-proxy:vm-centos-stream-8.x86_64: Cleaning local repository '/home/user/builder-r4.2-centos/repository/vm-centos-stream8'.
2023-04-26 04:00:10.009389 +0000 build-centos42: app-linux-input-proxy:vm-centos-stream-8.x86_64:rpm_spec/input-proxy.spec: Signing 'qubes-input-proxy-1.0.32-1.el8.x86_64.rpm'.
2023-04-26 04:00:10.034390 +0000 build-centos42: Executing 'bash -c /home/user/qubes-builderv2/qubesbuilder/plugins/sign_rpm/scripts/sign-rpm --sign-key 73BC8FF2264EDBB20CF1C2739AD8A2F644606AB9 --db-path /home/user/builder-r4.2-centos/rpmdb/73BC8FF2264EDBB20CF1C2739AD8A2F644606AB9 --rpm /home/user/builder-r4.2-centos/components/app-linux-input-proxy/1.0.32-1/vm-centos-stream8/build/rpm/qubes-input-proxy-1.0.32-1.el8.x86_64.rpm'.
2023-04-26 04:00:10.049591 +0000 build-centos42: output: warning: Could not set GPG_TTY to stdin: Inappropriate ioctl for device
2023-04-26 04:00:10.736511 +0000 build-centos42: output: warning: Could not set GPG_TTY to stdin: Inappropriate ioctl for device
2023-04-26 04:00:11.127878 +0000 build-centos42: output: /home/user/builder-r4.2-centos/components/app-linux-input-proxy/1.0.32-1/vm-centos-stream8/build/rpm/qubes-input-proxy-1.0.32-1.el8.x86_64.rpm:
2023-04-26 04:00:11.138691 +0000 build-centos42: app-linux-input-proxy:vm-centos-stream-8.x86_64:rpm_spec/input-proxy.spec: Signing 'qubes-input-proxy-sender-1.0.32-1.el8.x86_64.rpm'.
2023-04-26 04:00:11.146565 +0000 build-centos42: Executing 'bash -c /home/user/qubes-builderv2/qubesbuilder/plugins/sign_rpm/scripts/sign-rpm --sign-key 73BC8FF2264EDBB20CF1C2739AD8A2F644606AB9 --db-path /home/user/builder-r4.2-centos/rpmdb/73BC8FF2264EDBB20CF1C2739AD8A2F644606AB9 --rpm /home/user/builder-r4.2-centos/components/app-linux-input-proxy/1.0.32-1/vm-centos-stream8/build/rpm/qubes-input-proxy-sender-1.0.32-1.el8.x86_64.rpm'.
2023-04-26 04:00:11.162793 +0000 build-centos42: output: warning: Could not set GPG_TTY to stdin: Inappropriate ioctl for device
2023-04-26 04:00:11.605215 +0000 build-centos42: output: warning: Could not set GPG_TTY to stdin: Inappropriate ioctl for device
2023-04-26 04:00:12.286255 +0000 build-centos42: output: /home/user/builder-r4.2-centos/components/app-linux-input-proxy/1.0.32-1/vm-centos-stream8/build/rpm/qubes-input-proxy-sender-1.0.32-1.el8.x86_64.rpm:
2023-04-26 04:00:12.299868 +0000 build-centos42: app-linux-input-proxy:vm-centos-stream-8.x86_64:rpm_spec/input-proxy.spec: Signing 'qubes-input-proxy-receiver-1.0.32-1.el8.x86_64.rpm'.
2023-04-26 04:00:12.312693 +0000 build-centos42: Executing 'bash -c /home/user/qubes-builderv2/qubesbuilder/plugins/sign_rpm/scripts/sign-rpm --sign-key 73BC8FF2264EDBB20CF1C2739AD8A2F644606AB9 --db-path /home/user/builder-r4.2-centos/rpmdb/73BC8FF2264EDBB20CF1C2739AD8A2F644606AB9 --rpm /home/user/builder-r4.2-centos/components/app-linux-input-proxy/1.0.32-1/vm-centos-stream8/build/rpm/qubes-input-proxy-receiver-1.0.32-1.el8.x86_64.rpm'.
2023-04-26 04:00:12.347512 +0000 build-centos42: output: warning: Could not set GPG_TTY to stdin: Inappropriate ioctl for device
2023-04-26 04:00:12.800230 +0000 build-centos42: output: warning: Could not set GPG_TTY to stdin: Inappropriate ioctl for device
2023-04-26 04:00:13.327434 +0000 build-centos42: output: /home/user/builder-r4.2-centos/components/app-linux-input-proxy/1.0.32-1/vm-centos-stream8/build/rpm/qubes-input-proxy-receiver-1.0.32-1.el8.x86_64.rpm:
2023-04-26 04:00:13.340572 +0000 build-centos42: app-linux-input-proxy:vm-centos-stream-8.x86_64:rpm_spec/input-proxy.spec: Signing 'qubes-input-proxy-debuginfo-1.0.32-1.el8.x86_64.rpm'.
2023-04-26 04:00:13.351286 +0000 build-centos42: Executing 'bash -c /home/user/qubes-builderv2/qubesbuilder/plugins/sign_rpm/scripts/sign-rpm --sign-key 73BC8FF2264EDBB20CF1C2739AD8A2F644606AB9 --db-path /home/user/builder-r4.2-centos/rpmdb/73BC8FF2264EDBB20CF1C2739AD8A2F644606AB9 --rpm /home/user/builder-r4.2-centos/components/app-linux-input-proxy/1.0.32-1/vm-centos-stream8/build/rpm/qubes-input-proxy-debuginfo-1.0.32-1.el8.x86_64.rpm'.
2023-04-26 04:00:13.367064 +0000 build-centos42: output: warning: Could not set GPG_TTY to stdin: Inappropriate ioctl for device
2023-04-26 04:00:14.101178 +0000 build-centos42: output: warning: Could not set GPG_TTY to stdin: Inappropriate ioctl for device
2023-04-26 04:00:14.739166 +0000 build-centos42: output: /home/user/builder-r4.2-centos/components/app-linux-input-proxy/1.0.32-1/vm-centos-stream8/build/rpm/qubes-input-proxy-debuginfo-1.0.32-1.el8.x86_64.rpm:
2023-04-26 04:00:14.749024 +0000 build-centos42: app-linux-input-proxy:vm-centos-stream-8.x86_64:rpm_spec/input-proxy.spec: Signing 'qubes-input-proxy-sender-debuginfo-1.0.32-1.el8.x86_64.rpm'.
2023-04-26 04:00:14.758738 +0000 build-centos42: Executing 'bash -c /home/user/qubes-builderv2/qubesbuilder/plugins/sign_rpm/scripts/sign-rpm --sign-key 73BC8FF2264EDBB20CF1C2739AD8A2F644606AB9 --db-path /home/user/builder-r4.2-centos/rpmdb/73BC8FF2264EDBB20CF1C2739AD8A2F644606AB9 --rpm /home/user/builder-r4.2-centos/components/app-linux-input-proxy/1.0.32-1/vm-centos-stream8/build/rpm/qubes-input-proxy-sender-debuginfo-1.0.32-1.el8.x86_64.rpm'.
2023-04-26 04:00:14.772524 +0000 build-centos42: output: warning: Could not set GPG_TTY to stdin: Inappropriate ioctl for device
2023-04-26 04:00:15.684015 +0000 build-centos42: output: warning: Could not set GPG_TTY to stdin: Inappropriate ioctl for device
2023-04-26 04:00:16.675069 +0000 build-centos42: output: /home/user/builder-r4.2-centos/components/app-linux-input-proxy/1.0.32-1/vm-centos-stream8/build/rpm/qubes-input-proxy-sender-debuginfo-1.0.32-1.el8.x86_64.rpm:
2023-04-26 04:00:16.686316 +0000 build-centos42: app-linux-input-proxy:vm-centos-stream-8.x86_64:rpm_spec/input-proxy.spec: Signing 'qubes-input-proxy-receiver-debuginfo-1.0.32-1.el8.x86_64.rpm'.
2023-04-26 04:00:16.697933 +0000 build-centos42: Executing 'bash -c /home/user/qubes-builderv2/qubesbuilder/plugins/sign_rpm/scripts/sign-rpm --sign-key 73BC8FF2264EDBB20CF1C2739AD8A2F644606AB9 --db-path /home/user/builder-r4.2-centos/rpmdb/73BC8FF2264EDBB20CF1C2739AD8A2F644606AB9 --rpm /home/user/builder-r4.2-centos/components/app-linux-input-proxy/1.0.32-1/vm-centos-stream8/build/rpm/qubes-input-proxy-receiver-debuginfo-1.0.32-1.el8.x86_64.rpm'.
2023-04-26 04:00:16.712990 +0000 build-centos42: output: warning: Could not set GPG_TTY to stdin: Inappropriate ioctl for device
2023-04-26 04:00:17.126779 +0000 build-centos42: output: warning: Could not set GPG_TTY to stdin: Inappropriate ioctl for device
2023-04-26 04:00:17.545250 +0000 build-centos42: output: /home/user/builder-r4.2-centos/components/app-linux-input-proxy/1.0.32-1/vm-centos-stream8/build/rpm/qubes-input-proxy-receiver-debuginfo-1.0.32-1.el8.x86_64.rpm:
2023-04-26 04:00:17.557385 +0000 build-centos42: app-linux-input-proxy:vm-centos-stream-8.x86_64:rpm_spec/input-proxy.spec: Signing 'qubes-input-proxy-debugsource-1.0.32-1.el8.x86_64.rpm'.
2023-04-26 04:00:17.568608 +0000 build-centos42: Executing 'bash -c /home/user/qubes-builderv2/qubesbuilder/plugins/sign_rpm/scripts/sign-rpm --sign-key 73BC8FF2264EDBB20CF1C2739AD8A2F644606AB9 --db-path /home/user/builder-r4.2-centos/rpmdb/73BC8FF2264EDBB20CF1C2739AD8A2F644606AB9 --rpm /home/user/builder-r4.2-centos/components/app-linux-input-proxy/1.0.32-1/vm-centos-stream8/build/rpm/qubes-input-proxy-debugsource-1.0.32-1.el8.x86_64.rpm'.
2023-04-26 04:00:17.585486 +0000 build-centos42: output: warning: Could not set GPG_TTY to stdin: Inappropriate ioctl for device
2023-04-26 04:00:18.054885 +0000 build-centos42: output: warning: Could not set GPG_TTY to stdin: Inappropriate ioctl for device
2023-04-26 04:00:18.609462 +0000 build-centos42: output: /home/user/builder-r4.2-centos/components/app-linux-input-proxy/1.0.32-1/vm-centos-stream8/build/rpm/qubes-input-proxy-debugsource-1.0.32-1.el8.x86_64.rpm:
2023-04-26 04:00:18.619832 +0000 build-centos42: app-linux-input-proxy:vm-centos-stream-8.x86_64:rpm_spec/input-proxy.spec: Signing 'qubes-input-proxy-1.0.32-1.el8.src.rpm'.
2023-04-26 04:00:18.630621 +0000 build-centos42: Executing 'bash -c /home/user/qubes-builderv2/qubesbuilder/plugins/sign_rpm/scripts/sign-rpm --sign-key 73BC8FF2264EDBB20CF1C2739AD8A2F644606AB9 --db-path /home/user/builder-r4.2-centos/rpmdb/73BC8FF2264EDBB20CF1C2739AD8A2F644606AB9 --rpm /home/user/builder-r4.2-centos/components/app-linux-input-proxy/1.0.32-1/vm-centos-stream8/prep/qubes-input-proxy-1.0.32-1.el8.src.rpm'.
2023-04-26 04:00:18.645982 +0000 build-centos42: output: warning: Could not set GPG_TTY to stdin: Inappropriate ioctl for device
2023-04-26 04:00:19.158275 +0000 build-centos42: output: warning: Could not set GPG_TTY to stdin: Inappropriate ioctl for device
2023-04-26 04:00:19.665009 +0000 build-centos42: output: /home/user/builder-r4.2-centos/components/app-linux-input-proxy/1.0.32-1/vm-centos-stream8/prep/qubes-input-proxy-1.0.32-1.el8.src.rpm:
2023-04-26 04:00:19.677160 +0000 build-centos42: app-linux-input-proxy:vm-centos-stream-8.x86_64:rpm_spec/input-proxy.spec: Signing 'qubes-input-proxy-1.0.32-1.el8.x86_64.buildinfo'.
2023-04-26 04:00:19.687740 +0000 build-centos42: Executing 'bash -c /home/user/qubes-builderv2/qubesbuilder/plugins/sign_rpm/scripts/update-rpmbuildinfo /home/user/builder-r4.2-centos/components/app-linux-input-proxy/1.0.32-1/vm-centos-stream8/build/rpm/qubes-input-proxy-1.0.32-1.el8.x86_64.buildinfo qubes-gpg-client-wrapper 73BC8FF2264EDBB20CF1C2739AD8A2F644606AB9'.
2023-04-26 04:00:20.104640 +0000 build-centos42: app-linux-input-proxy:vm-centos-stream-8.x86_64:rpm_spec/input-proxy.spec: Provisioning local repository '/home/user/builder-r4.2-centos/repository/vm-centos-stream8'.
2023-04-26 04:00:20.119004 +0000 build-centos42: Executing 'bash -c /home/user/qubes-builderv2/qubesbuilder/plugins/publish_rpm/scripts/create-skeleton r4.2 vm centos-stream8 /home/user/builder-r4.2-centos/repository-publish/rpm /home/user/qubes-builderv2/qubesbuilder/plugins/publish_rpm/comps/comps-vm.xml'.
2023-04-26 04:00:20.151127 +0000 build-centos42: app-linux-input-proxy:vm-centos-stream-8.x86_64:rpm_spec/input-proxy.spec: Publishing RPMs to 'current-testing'.
2023-04-26 04:00:20.151173 +0000 build-centos42: app-linux-input-proxy:vm-centos-stream-8.x86_64:rpm_spec/input-proxy.spec: Verifying signatures.
2023-04-26 04:00:20.161281 +0000 build-centos42: Executing 'bash -c /home/user/qubes-builderv2/qubesbuilder/plugins/sign_rpm/scripts/sign-rpm --sign-key 73BC8FF2264EDBB20CF1C2739AD8A2F644606AB9 --db-path /home/user/builder-r4.2-centos/rpmdb/73BC8FF2264EDBB20CF1C2739AD8A2F644606AB9 --rpm /home/user/builder-r4.2-centos/components/app-linux-input-proxy/1.0.32-1/vm-centos-stream8/build/rpm/qubes-input-proxy-1.0.32-1.el8.x86_64.rpm --check-only'.
2023-04-26 04:00:20.190279 +0000 build-centos42: Executing 'bash -c /home/user/qubes-builderv2/qubesbuilder/plugins/sign_rpm/scripts/sign-rpm --sign-key 73BC8FF2264EDBB20CF1C2739AD8A2F644606AB9 --db-path /home/user/builder-r4.2-centos/rpmdb/73BC8FF2264EDBB20CF1C2739AD8A2F644606AB9 --rpm /home/user/builder-r4.2-centos/components/app-linux-input-proxy/1.0.32-1/vm-centos-stream8/build/rpm/qubes-input-proxy-sender-1.0.32-1.el8.x86_64.rpm --check-only'.
2023-04-26 04:00:20.219328 +0000 build-centos42: Executing 'bash -c /home/user/qubes-builderv2/qubesbuilder/plugins/sign_rpm/scripts/sign-rpm --sign-key 73BC8FF2264EDBB20CF1C2739AD8A2F644606AB9 --db-path /home/user/builder-r4.2-centos/rpmdb/73BC8FF2264EDBB20CF1C2739AD8A2F644606AB9 --rpm /home/user/builder-r4.2-centos/components/app-linux-input-proxy/1.0.32-1/vm-centos-stream8/build/rpm/qubes-input-proxy-receiver-1.0.32-1.el8.x86_64.rpm --check-only'.
2023-04-26 04:00:20.245831 +0000 build-centos42: Executing 'bash -c /home/user/qubes-builderv2/qubesbuilder/plugins/sign_rpm/scripts/sign-rpm --sign-key 73BC8FF2264EDBB20CF1C2739AD8A2F644606AB9 --db-path /home/user/builder-r4.2-centos/rpmdb/73BC8FF2264EDBB20CF1C2739AD8A2F644606AB9 --rpm /home/user/builder-r4.2-centos/components/app-linux-input-proxy/1.0.32-1/vm-centos-stream8/build/rpm/qubes-input-proxy-debuginfo-1.0.32-1.el8.x86_64.rpm --check-only'.
2023-04-26 04:00:20.278310 +0000 build-centos42: Executing 'bash -c /home/user/qubes-builderv2/qubesbuilder/plugins/sign_rpm/scripts/sign-rpm --sign-key 73BC8FF2264EDBB20CF1C2739AD8A2F644606AB9 --db-path /home/user/builder-r4.2-centos/rpmdb/73BC8FF2264EDBB20CF1C2739AD8A2F644606AB9 --rpm /home/user/builder-r4.2-centos/components/app-linux-input-proxy/1.0.32-1/vm-centos-stream8/build/rpm/qubes-input-proxy-sender-debuginfo-1.0.32-1.el8.x86_64.rpm --check-only'.
2023-04-26 04:00:20.312841 +0000 build-centos42: Executing 'bash -c /home/user/qubes-builderv2/qubesbuilder/plugins/sign_rpm/scripts/sign-rpm --sign-key 73BC8FF2264EDBB20CF1C2739AD8A2F644606AB9 --db-path /home/user/builder-r4.2-centos/rpmdb/73BC8FF2264EDBB20CF1C2739AD8A2F644606AB9 --rpm /home/user/builder-r4.2-centos/components/app-linux-input-proxy/1.0.32-1/vm-centos-stream8/build/rpm/qubes-input-proxy-receiver-debuginfo-1.0.32-1.el8.x86_64.rpm --check-only'.
2023-04-26 04:00:20.349434 +0000 build-centos42: Executing 'bash -c /home/user/qubes-builderv2/qubesbuilder/plugins/sign_rpm/scripts/sign-rpm --sign-key 73BC8FF2264EDBB20CF1C2739AD8A2F644606AB9 --db-path /home/user/builder-r4.2-centos/rpmdb/73BC8FF2264EDBB20CF1C2739AD8A2F644606AB9 --rpm /home/user/builder-r4.2-centos/components/app-linux-input-proxy/1.0.32-1/vm-centos-stream8/build/rpm/qubes-input-proxy-debugsource-1.0.32-1.el8.x86_64.rpm --check-only'.
2023-04-26 04:00:20.383337 +0000 build-centos42: Executing 'bash -c /home/user/qubes-builderv2/qubesbuilder/plugins/sign_rpm/scripts/sign-rpm --sign-key 73BC8FF2264EDBB20CF1C2739AD8A2F644606AB9 --db-path /home/user/builder-r4.2-centos/rpmdb/73BC8FF2264EDBB20CF1C2739AD8A2F644606AB9 --rpm /home/user/builder-r4.2-centos/components/app-linux-input-proxy/1.0.32-1/vm-centos-stream8/prep/qubes-input-proxy-1.0.32-1.el8.src.rpm --check-only'.
2023-04-26 04:00:20.412144 +0000 build-centos42: app-linux-input-proxy:vm-centos-stream-8.x86_64:rpm_spec/input-proxy.spec: Updating metadata.
2023-04-26 04:00:20.428963 +0000 build-centos42: Executing 'bash -c cd /home/user/builder-r4.2-centos/repository-publish/rpm/r4.2/current-testing/vm/centos-stream8&&createrepo_c -g comps.xml .'.
2023-04-26 04:00:26.481400 +0000 build-centos42: output: Directory walk started
2023-04-26 04:00:26.481459 +0000 build-centos42: output: Directory walk done - 870 packages
2023-04-26 04:00:26.481511 +0000 build-centos42: output: Using comps.xml from target repo
2023-04-26 04:00:26.481519 +0000 build-centos42: output: Temporary output repo path: ./.repodata/
2023-04-26 04:00:26.481525 +0000 build-centos42: output: Preparing sqlite DBs
2023-04-26 04:00:26.481531 +0000 build-centos42: output: Pool started (with 5 workers)
2023-04-26 04:00:26.481536 +0000 build-centos42: output: Pool finished
2023-04-26 04:00:26.507611 +0000 build-centos42: app-linux-input-proxy:vm-centos-stream-8.x86_64:rpm_spec/input-proxy.spec: Signing metadata.
2023-04-26 04:00:26.517822 +0000 build-centos42: Executing 'bash -c qubes-gpg-client-wrapper --batch --no-tty --yes --detach-sign --armor -u 73BC8FF2264EDBB20CF1C2739AD8A2F644606AB9 /home/user/builder-r4.2-centos/repository-publish/rpm/r4.2/current-testing/vm/centos-stream8/repodata/repomd.xml > /home/user/builder-r4.2-centos/repository-publish/rpm/r4.2/current-testing/vm/centos-stream8/repodata/repomd.xml.asc'.
2023-04-26 04:00:26.675270 +0000 build-centos42: Creating metalink for /home/user/builder-r4.2-centos/repository-publish/rpm/r4.2/current-testing/vm/centos-stream8/repodata/repomd.xml.
2023-04-26 04:00:26.687992 +0000 build-centos42: Executing 'bash -c mkmetalink -b /home/user/builder-r4.2-centos/repository-publish/rpm -- /home/user/qubes-builderv2/qubesbuilder/plugins/publish_rpm/mirrors.list /home/user/builder-r4.2-centos/repository-publish/rpm/r4.2/current-testing/vm/centos-stream8/repodata/repomd.xml > /home/user/builder-r4.2-centos/repository-publish/rpm/r4.2/current-testing/vm/centos-stream8/repodata/repomd.xml.metalink'.
2023-04-26 04:00:26.759709 +0000 build-centos42: output: Traceback (most recent call last):
2023-04-26 04:00:26.759766 +0000 build-centos42: output:   File "/usr/lib64/python3.11/importlib/metadata/__init__.py", line 563, in from_name
2023-04-26 04:00:26.759838 +0000 build-centos42: output:     return next(cls.discover(name=name))
2023-04-26 04:00:26.759994 +0000 build-centos42: output:            ^^^^^^^^^^^^^^^^^^^^^^^^^^^^^
2023-04-26 04:00:26.760017 +0000 build-centos42: output: StopIteration
2023-04-26 04:00:26.760219 +0000 build-centos42: output: 
2023-04-26 04:00:26.760358 +0000 build-centos42: output: During handling of the above exception, another exception occurred:
2023-04-26 04:00:26.760384 +0000 build-centos42: output: 
2023-04-26 04:00:26.760477 +0000 build-centos42: output: Traceback (most recent call last):
2023-04-26 04:00:26.760530 +0000 build-centos42: output:   File "/home/user/.local/bin/mkmetalink", line 33, in <module>
2023-04-26 04:00:26.760587 +0000 build-centos42: output:     sys.exit(load_entry_point('qubesmirror==2.0', 'console_scripts', 'mkmetalink')())
2023-04-26 04:00:26.760681 +0000 build-centos42: output:              ^^^^^^^^^^^^^^^^^^^^^^^^^^^^^^^^^^^^^^^^^^^^^^^^^^^^^^^^^^^^^^^^^^^^^
2023-04-26 04:00:26.760735 +0000 build-centos42: output:   File "/home/user/.local/bin/mkmetalink", line 22, in importlib_load_entry_point
2023-04-26 04:00:26.760849 +0000 build-centos42: output:     for entry_point in distribution(dist_name).entry_points
2023-04-26 04:00:26.760935 +0000 build-centos42: output:                        ^^^^^^^^^^^^^^^^^^^^^^^
2023-04-26 04:00:26.761003 +0000 build-centos42: output:   File "/usr/lib64/python3.11/importlib/metadata/__init__.py", line 981, in distribution
2023-04-26 04:00:26.761244 +0000 build-centos42: output:     return Distribution.from_name(distribution_name)
2023-04-26 04:00:26.761400 +0000 build-centos42: output:            ^^^^^^^^^^^^^^^^^^^^^^^^^^^^^^^^^^^^^^^^^
2023-04-26 04:00:26.761579 +0000 build-centos42: output:   File "/usr/lib64/python3.11/importlib/metadata/__init__.py", line 565, in from_name
2023-04-26 04:00:26.761642 +0000 build-centos42: output:     raise PackageNotFoundError(name)
2023-04-26 04:00:26.761764 +0000 build-centos42: output: importlib.metadata.PackageNotFoundError: No package metadata was found for qubesmirror
2023-04-26 04:00:26.780965 +0000 build-centos42: app-linux-input-proxy:vm-centos-stream-8.x86_64: Failed to create metalink for '/home/user/builder-r4.2-centos/repository-publish/rpm/r4.2/current-testing/vm/centos-stream8/repodata/repomd.xml'.
2023-04-26 04:00:26.793198 +0000 build-centos42: Executing 'bash -c rsync --partial --progress --hard-links -air --mkpath -- /home/user/builder-r4.2-centos/repository-publish/rpm/r4.2/current-testing/vm/centos-stream8/ yum.qubes-os.org:/pub/qubes/repo/yum/r4.2/current-testing/vm/centos-stream8/'.
2023-04-26 04:00:27.783045 +0000 build-centos42: output: sending incremental file list
2023-04-26 04:00:27.878269 +0000 build-centos42: output: .d..t...... ./
2023-04-26 04:00:27.878322 +0000 build-centos42: output: .L..t...... comps.xml -> ../../../comps-vm.xml
2023-04-26 04:00:27.878330 +0000 build-centos42: output: .d..t...... repodata/
2023-04-26 04:00:27.878338 +0000 build-centos42: output: <f+++++++++ repodata/0502513c38d5782a5de51e189af4cae07e015fdbd272b577a7a7fb8c2120e6c1-primary.xml.gz
2023-04-26 04:00:27.878348 +0000 build-centos42: output: .         32,768  23%    0.00kB/s    0:00:00  .        141,106 100%  103.32MB/s    0:00:00 (xfr#1, to-chk=1046/1051)
2023-04-26 04:00:27.878356 +0000 build-centos42: output: <f..t...... repodata/0a4d9ec5911f793f87955cf8bbc866b0c930c8f9aa2384ec29cc1f360a31da93-comps.xml.gz
2023-04-26 04:00:27.878364 +0000 build-centos42: output: .            700   8%  683.59kB/s    0:00:00  .          8,416 100%    8.03MB/s    0:00:00 (xfr#2, to-chk=1045/1051)
2023-04-26 04:00:27.878372 +0000 build-centos42: output: <f+++++++++ repodata/186b1ab0b67c943d9d5086f403c6b9eb746fe7447979c5bd850a818dbcfbbab4-filelists.sqlite.bz2
2023-04-26 04:00:27.896669 +0000 build-centos42: output: .         32,768   9%   31.25MB/s    0:00:00  .        339,530 100%   64.76MB/s    0:00:00 (xfr#3, to-chk=1044/1051)
2023-04-26 04:00:27.896719 +0000 build-centos42: output: <f+++++++++ repodata/258b842cc5d86c48d3653680764a986c5ee7f19b5edcb68a0e317315172063a3-primary.sqlite.bz2
2023-04-26 04:00:27.896731 +0000 build-centos42: output: .         32,768   9%    6.25MB/s    0:00:00  .        357,367 100%   24.34MB/s    0:00:00 (xfr#4, to-chk=1043/1051)
2023-04-26 04:00:27.896741 +0000 build-centos42: output: <f..t...... repodata/397e43a81ad38941589caaed70c4fabc438fb360cee27a55821a1db270bacaa3-comps.xml
2023-04-26 04:00:27.896751 +0000 build-centos42: output: .            700   2%   48.83kB/s    0:00:00  .         25,819 100%    1.76MB/s    0:00:00 (xfr#5, to-chk=1042/1051)
2023-04-26 04:00:27.896759 +0000 build-centos42: output: <f+++++++++ repodata/3ee3ace4b111536fd48fee2c5857e123b045e17709072c0e09e8ea313db466ad-filelists.xml.gz
2023-04-26 04:00:27.896767 +0000 build-centos42: output: .         32,768  13%    2.08MB/s    0:00:00  .        235,169 100%   14.95MB/s    0:00:00 (xfr#6, to-chk=1041/1051)
2023-04-26 04:00:27.896775 +0000 build-centos42: output: <f+++++++++ repodata/95148763652ff3fb5c2aa9d86879609db0154b11c1a0fe77a606cdc1babe4c72-other.sqlite.bz2
2023-04-26 04:00:27.901400 +0000 build-centos42: output: .         32,768  16%    2.08MB/s    0:00:00  .        196,233 100%    8.51MB/s    0:00:00 (xfr#7, to-chk=1040/1051)
2023-04-26 04:00:27.901440 +0000 build-centos42: output: <f+++++++++ repodata/e00d02f7688c4631b922eaac322d49fd3b7d8828065bc715129540d9c9755f4f-other.xml.gz
2023-04-26 04:00:27.903476 +0000 build-centos42: output: .         32,768  36%    1.36MB/s    0:00:00  .         89,421 100%    3.55MB/s    0:00:00 (xfr#8, to-chk=1039/1051)
2023-04-26 04:00:27.903529 +0000 build-centos42: output: <f..t...... repodata/repomd.xml
2023-04-26 04:00:27.903538 +0000 build-centos42: output: .          3,861 100%  150.82kB/s    0:00:00  .          3,861 100%  150.82kB/s    0:00:00 (xfr#9, to-chk=1038/1051)
2023-04-26 04:00:27.903544 +0000 build-centos42: output: <f..t...... repodata/repomd.xml.asc
2023-04-26 04:00:27.903552 +0000 build-centos42: output: .            833 100%   32.54kB/s    0:00:00  .            833 100%   32.54kB/s    0:00:00 (xfr#10, to-chk=1037/1051)
2023-04-26 04:00:27.903558 +0000 build-centos42: output: <f..t...... repodata/repomd.xml.metalink
2023-04-26 04:00:27.903584 +0000 build-centos42: output: .              0 100%    0.00kB/s    0:00:00 (xfr#11, to-chk=1036/1051)
2023-04-26 04:00:27.903591 +0000 build-centos42: output: .d..t...... rpm/
2023-04-26 04:00:27.903598 +0000 build-centos42: output: <f+++++++++ rpm/qubes-input-proxy-1.0.32-1.el8.src.rpm
2023-04-26 04:00:27.903606 +0000 build-centos42: output: .         32,768  83%    1.25MB/s    0:00:00  .         39,470 100%    1.51MB/s    0:00:00 (xfr#12, to-chk=430/1051)
2023-04-26 04:00:27.904551 +0000 build-centos42: output: <f+++++++++ rpm/qubes-input-proxy-1.0.32-1.el8.x86_64.buildinfo
2023-04-26 04:00:27.904579 +0000 build-centos42: output: .          3,365 100%  126.39kB/s    0:00:00  .          3,365 100%  126.39kB/s    0:00:00 (xfr#13, to-chk=429/1051)
2023-04-26 04:00:27.904588 +0000 build-centos42: output: <f+++++++++ rpm/qubes-input-proxy-1.0.32-1.el8.x86_64.rpm
2023-04-26 04:00:27.905473 +0000 build-centos42: output: .         27,944 100% 1010.71kB/s    0:00:00  .         27,944 100% 1010.71kB/s    0:00:00 (xfr#14, to-chk=428/1051)
2023-04-26 04:00:27.905498 +0000 build-centos42: output: <f+++++++++ rpm/qubes-input-proxy-debuginfo-1.0.32-1.el8.x86_64.rpm
2023-04-26 04:00:27.905508 +0000 build-centos42: output: .         15,088 100%  545.72kB/s    0:00:00  .         15,088 100%  545.72kB/s    0:00:00 (xfr#15, to-chk=423/1051)
2023-04-26 04:00:27.905527 +0000 build-centos42: output: <f+++++++++ rpm/qubes-input-proxy-debugsource-1.0.32-1.el8.x86_64.rpm
2023-04-26 04:00:27.905535 +0000 build-centos42: output: .         19,424 100%  702.55kB/s    0:00:00  .         19,424 100%  702.55kB/s    0:00:00 (xfr#16, to-chk=418/1051)
2023-04-26 04:00:27.905542 +0000 build-centos42: output: <f+++++++++ rpm/qubes-input-proxy-receiver-1.0.32-1.el8.x86_64.rpm
2023-04-26 04:00:27.906004 +0000 build-centos42: output: .         22,976 100%  801.34kB/s    0:00:00  .         22,976 100%  801.34kB/s    0:00:00 (xfr#17, to-chk=413/1051)
2023-04-26 04:00:27.906026 +0000 build-centos42: output: <f+++++++++ rpm/qubes-input-proxy-receiver-debuginfo-1.0.32-1.el8.x86_64.rpm
2023-04-26 04:00:27.906035 +0000 build-centos42: output: .         25,920 100%  904.02kB/s    0:00:00  .         25,920 100%  904.02kB/s    0:00:00 (xfr#18, to-chk=408/1051)
2023-04-26 04:00:27.906042 +0000 build-centos42: output: <f+++++++++ rpm/qubes-input-proxy-sender-1.0.32-1.el8.x86_64.rpm
2023-04-26 04:00:27.907182 +0000 build-centos42: output: .         23,596 100%  768.10kB/s    0:00:00  .         23,596 100%  768.10kB/s    0:00:00 (xfr#19, to-chk=403/1051)
2023-04-26 04:00:27.907201 +0000 build-centos42: output: <f+++++++++ rpm/qubes-input-proxy-sender-debuginfo-1.0.32-1.el8.x86_64.rpm
2023-04-26 04:00:27.907209 +0000 build-centos42: output: .         19,272 100%  627.34kB/s    0:00:00  .         19,272 100%  627.34kB/s    0:00:00 (xfr#20, to-chk=398/1051)
2023-04-26 04:00:28.445159 +0000 build-centos42: > done
2023-04-26 04:00:28.445207 +0000 > closing log
